::1 - - [12/Jun/2023:13:13:32 +0000] "GET / HTTP/1.1" - - "-" "PostmanRuntime/7.32.2"
::1 - - [13/Jun/2023:02:37:32 +0000] "POST /api/sign HTTP/1.1" 404 1218 "-" "PostmanRuntime/7.32.2"
::1 - - [13/Jun/2023:02:42:17 +0000] "POST /api/sign HTTP/1.1" 404 1218 "-" "PostmanRuntime/7.32.2"
::1 - - [13/Jun/2023:02:47:56 +0000] "POST /api/sign HTTP/1.1" 404 1218 "-" "PostmanRuntime/7.32.2"
::1 - - [13/Jun/2023:02:47:57 +0000] "POST /api/sign HTTP/1.1" 404 1218 "-" "PostmanRuntime/7.32.2"
::1 - - [13/Jun/2023:02:48:03 +0000] "POST / HTTP/1.1" 404 1218 "-" "PostmanRuntime/7.32.2"
::1 - - [13/Jun/2023:02:48:04 +0000] "POST / HTTP/1.1" 404 1218 "-" "PostmanRuntime/7.32.2"
::1 - - [13/Jun/2023:02:48:16 +0000] "POST / HTTP/1.1" 404 1218 "-" "PostmanRuntime/7.32.2"
::1 - - [13/Jun/2023:02:58:33 +0000] "POST / HTTP/1.1" 404 1218 "-" "PostmanRuntime/7.32.2"
::1 - - [13/Jun/2023:03:14:38 +0000] "POST / HTTP/1.1" 404 1218 "-" "PostmanRuntime/7.32.2"
::1 - - [13/Jun/2023:03:15:32 +0000] "POST /api/signin HTTP/1.1" 404 1218 "-" "PostmanRuntime/7.32.2"
::1 - - [13/Jun/2023:03:15:37 +0000] "POST /api/signin HTTP/1.1" 404 1218 "-" "PostmanRuntime/7.32.2"
::1 - - [13/Jun/2023:03:15:37 +0000] "POST /api/signin HTTP/1.1" 404 1218 "-" "PostmanRuntime/7.32.2"
::1 - - [13/Jun/2023:03:15:40 +0000] "POST /api/signin HTTP/1.1" 404 1218 "-" "PostmanRuntime/7.32.2"
::1 - - [13/Jun/2023:03:16:30 +0000] "POST /api/signin HTTP/1.1" 404 1218 "-" "PostmanRuntime/7.32.2"
::1 - - [13/Jun/2023:03:16:35 +0000] "POST /api/signin HTTP/1.1" 404 1218 "-" "PostmanRuntime/7.32.2"
::1 - - [13/Jun/2023:03:16:37 +0000] "POST /api/signin HTTP/1.1" 404 1218 "-" "PostmanRuntime/7.32.2"
::1 - - [13/Jun/2023:03:16:40 +0000] "POST /api/signin HTTP/1.1" 404 1218 "-" "PostmanRuntime/7.32.2"
::1 - - [13/Jun/2023:03:16:43 +0000] "POST /api/signin HTTP/1.1" 404 1218 "-" "PostmanRuntime/7.32.2"
::1 - - [13/Jun/2023:03:16:45 +0000] "POST /api/signin HTTP/1.1" 404 1218 "-" "PostmanRuntime/7.32.2"
::1 - - [13/Jun/2023:03:16:48 +0000] "POST /api/signin HTTP/1.1" 404 1218 "-" "PostmanRuntime/7.32.2"
::1 - - [13/Jun/2023:03:17:01 +0000] "POST /api/signin HTTP/1.1" 404 1218 "-" "PostmanRuntime/7.32.2"
::1 - - [13/Jun/2023:03:19:04 +0000] "POST /api/signin HTTP/1.1" 404 1218 "-" "PostmanRuntime/7.32.2"
::1 - - [13/Jun/2023:03:19:05 +0000] "POST /api/signin HTTP/1.1" 404 1218 "-" "PostmanRuntime/7.32.2"
::1 - - [13/Jun/2023:03:19:55 +0000] "POST /api/signin HTTP/1.1" 404 1218 "-" "PostmanRuntime/7.32.2"
::1 - - [13/Jun/2023:03:19:56 +0000] "POST /api/signin HTTP/1.1" 404 1218 "-" "PostmanRuntime/7.32.2"
::1 - - [13/Jun/2023:03:19:58 +0000] "POST /api/signin HTTP/1.1" 404 1218 "-" "PostmanRuntime/7.32.2"
::1 - - [13/Jun/2023:03:20:19 +0000] "POST /api/signin HTTP/1.1" 404 1218 "-" "PostmanRuntime/7.32.2"
::1 - - [13/Jun/2023:03:20:20 +0000] "POST /api/signin HTTP/1.1" 404 1218 "-" "PostmanRuntime/7.32.2"
::1 - - [13/Jun/2023:03:26:35 +0000] "POST /api/signin HTTP/1.1" 404 1218 "-" "PostmanRuntime/7.32.2"
::1 - - [13/Jun/2023:03:26:36 +0000] "POST /api/signin HTTP/1.1" 404 1218 "-" "PostmanRuntime/7.32.2"
::1 - - [13/Jun/2023:03:26:43 +0000] "GET /api/signin HTTP/1.1" 404 1218 "-" "PostmanRuntime/7.32.2"
::1 - - [13/Jun/2023:03:26:46 +0000] "POST /api/signin HTTP/1.1" 404 1218 "-" "PostmanRuntime/7.32.2"
::1 - - [13/Jun/2023:03:26:48 +0000] "PUT /api/signin HTTP/1.1" 404 1218 "-" "PostmanRuntime/7.32.2"
